alacritty
arandr
autotiling
base
base-devel
cmatrix
dbeaver
dmenu
dmidecode
dnsmasq
docker
dunst
efibootmgr
feh
flameshot
git
github-cli
google-chrome
gparted
gst-plugin-pipewire
gvfs
helm
helmfile
htop
i3-wm
i3blocks
i3lock
i3status
intel-ucode
iwd
k9s
kubectl
lazygit
libguestfs
libpulse
lightdm
lightdm-gtk-greeter
linux
linux-firmware
linux-lts-headers
lxappearance
minikube
mpv
nano
neofetch
neovim
npm
nvidia
nvidia-settings
openbsd-netcat
openssh
pavucontrol
picom
pipewire
pipewire-alsa
pipewire-jack
pipewire-pulse
qemu-base
smartmontools
sof-firmware
sops
steam
tandem-chat
thunar
tmux
ttf-apple-emoji
ttf-jetbrains-mono-nerd
vde2
vim
virt-manager
virt-viewer
wget
wireless_tools
wireplumber
wpa_supplicant
xclip
xdg-utils
xterm
yay
zsh
